Determining if the pthread_create exist failed with the following output:
Change Dir: /data/hieu_workspace/SealNet2/build/CMakeFiles/CMakeTmp

Run Build Command:/usr/bin/gmake "cmTryCompileExec562610133/fast"
/usr/bin/gmake -f CMakeFiles/cmTryCompileExec562610133.dir/build.make CMakeFiles/cmTryCompileExec562610133.dir/build
gmake[1]: Entering directory `/data/hieu_workspace/SealNet2/build/CMakeFiles/CMakeTmp'
/usr/bin/cmake -E cmake_progress_report /data/hieu_workspace/SealNet2/build/CMakeFiles/CMakeTmp/CMakeFiles 1
Building C object CMakeFiles/cmTryCompileExec562610133.dir/CheckSymbolExists.c.o
/usr/bin/cc    -o CMakeFiles/cmTryCompileExec562610133.dir/CheckSymbolExists.c.o   -c /data/hieu_workspace/SealNet2/build/CMakeFiles/CMakeTmp/CheckSymbolExists.c
Linking C executable cmTryCompileExec562610133
/usr/bin/cmake -E cmake_link_script CMakeFiles/cmTryCompileExec562610133.dir/link.txt --verbose=1
/usr/bin/cc       CMakeFiles/cmTryCompileExec562610133.dir/CheckSymbolExists.c.o  -o cmTryCompileExec562610133 -rdynamic 
CMakeFiles/cmTryCompileExec562610133.dir/CheckSymbolExists.c.o: In function `main':
CheckSymbolExists.c:(.text+0x16): undefined reference to `pthread_create'
collect2: error: ld returned 1 exit status
gmake[1]: *** [cmTryCompileExec562610133] Error 1
gmake[1]: Leaving directory `/data/hieu_workspace/SealNet2/build/CMakeFiles/CMakeTmp'
gmake: *** [cmTryCompileExec562610133/fast] Error 2

File /data/hieu_workspace/SealNet2/build/CMakeFiles/CMakeTmp/CheckSymbolExists.c:
/* */
#include <pthread.h>

int main(int argc, char** argv)
{
  (void)argv;
#ifndef pthread_create
  return ((int*)(&pthread_create))[argc];
#else
  (void)argc;
  return 0;
#endif
}

Determining if the function pthread_create exists in the pthreads failed with the following output:
Change Dir: /data/hieu_workspace/SealNet2/build/CMakeFiles/CMakeTmp

Run Build Command:/usr/bin/gmake "cmTryCompileExec3403909471/fast"
/usr/bin/gmake -f CMakeFiles/cmTryCompileExec3403909471.dir/build.make CMakeFiles/cmTryCompileExec3403909471.dir/build
gmake[1]: Entering directory `/data/hieu_workspace/SealNet2/build/CMakeFiles/CMakeTmp'
/usr/bin/cmake -E cmake_progress_report /data/hieu_workspace/SealNet2/build/CMakeFiles/CMakeTmp/CMakeFiles 1
Building C object CMakeFiles/cmTryCompileExec3403909471.dir/CheckFunctionExists.c.o
/usr/bin/cc   -DCHECK_FUNCTION_EXISTS=pthread_create   -o CMakeFiles/cmTryCompileExec3403909471.dir/CheckFunctionExists.c.o   -c /usr/share/cmake/Modules/CheckFunctionExists.c
Linking C executable cmTryCompileExec3403909471
/usr/bin/cmake -E cmake_link_script CMakeFiles/cmTryCompileExec3403909471.dir/link.txt --verbose=1
/usr/bin/cc   -DCHECK_FUNCTION_EXISTS=pthread_create    CMakeFiles/cmTryCompileExec3403909471.dir/CheckFunctionExists.c.o  -o cmTryCompileExec3403909471 -rdynamic -lpthreads 
/usr/bin/ld: cannot find -lpthreads
collect2: error: ld returned 1 exit status
gmake[1]: *** [cmTryCompileExec3403909471] Error 1
gmake[1]: Leaving directory `/data/hieu_workspace/SealNet2/build/CMakeFiles/CMakeTmp'
gmake: *** [cmTryCompileExec3403909471/fast] Error 2


Determining if the function cblas_ddot exists failed with the following output:
Change Dir: /data/hieu_workspace/SealNet2/build/CMakeFiles/CMakeTmp

Run Build Command:/usr/bin/gmake "cmTryCompileExec3150775055/fast"
/usr/bin/gmake -f CMakeFiles/cmTryCompileExec3150775055.dir/build.make CMakeFiles/cmTryCompileExec3150775055.dir/build
gmake[1]: Entering directory `/data/hieu_workspace/SealNet2/build/CMakeFiles/CMakeTmp'
/usr/bin/cmake -E cmake_progress_report /data/hieu_workspace/SealNet2/build/CMakeFiles/CMakeTmp/CMakeFiles 1
Building C object CMakeFiles/cmTryCompileExec3150775055.dir/CheckFunctionExists.c.o
/usr/bin/cc   -DCHECK_FUNCTION_EXISTS=cblas_ddot   -o CMakeFiles/cmTryCompileExec3150775055.dir/CheckFunctionExists.c.o   -c /usr/share/cmake/Modules/CheckFunctionExists.c
Linking C executable cmTryCompileExec3150775055
/usr/bin/cmake -E cmake_link_script CMakeFiles/cmTryCompileExec3150775055.dir/link.txt --verbose=1
/usr/bin/cc   -DCHECK_FUNCTION_EXISTS=cblas_ddot    CMakeFiles/cmTryCompileExec3150775055.dir/CheckFunctionExists.c.o  -o cmTryCompileExec3150775055 -rdynamic 
CMakeFiles/cmTryCompileExec3150775055.dir/CheckFunctionExists.c.o: In function `main':
CheckFunctionExists.c:(.text+0x15): undefined reference to `cblas_ddot'
collect2: error: ld returned 1 exit status
gmake[1]: *** [cmTryCompileExec3150775055] Error 1
gmake[1]: Leaving directory `/data/hieu_workspace/SealNet2/build/CMakeFiles/CMakeTmp'
gmake: *** [cmTryCompileExec3150775055/fast] Error 2


